<?xml version="1.0" encoding="UTF-8"?>
<!-- Generated by org.testng.reporters.JUnitReportReporter -->
<testsuite hostname="Hp-PC" failures="0" tests="1" name="com.tcs.phptravels.scripts.Testclass1_Excelupdateaddress" time="29.993" errors="0" timestamp="2023-02-10T21:40:58 IST" skipped="0">
  <testcase classname="com.tcs.phptravels.scripts.Testclass1_Excelupdateaddress" name="verifyvalidlogin" time="29.993"/>
  <system-out>
<br>teststeppass::Sucessfully validated the profile page</br> <br>teststeppass::Sucessfully validated the logout page</br>  </system-out>
</testsuite> <!-- com.tcs.phptravels.scripts.Testclass1_Excelupdateaddress -->
