<?xml version="1.0" encoding="UTF-8"?>
<!-- Generated by org.testng.reporters.JUnitReportReporter -->
<testsuite hostname="Hp-PC" failures="0" tests="1" name="com.tcs.phptravels.scripts.Testclass1" time="17.422" errors="0" timestamp="2023-02-07T20:53:02 IST" skipped="0">
  <testcase classname="com.tcs.phptravels.scripts.Testclass1" name="verifyvalidlogin" time="17.422"/>
  <system-out>
<br>teststeppass::Sucessfully validated login page</br>  </system-out>
</testsuite> <!-- com.tcs.phptravels.scripts.Testclass1 -->
