<?xml version="1.0" encoding="UTF-8"?>
<!-- Generated by org.testng.reporters.JUnitReportReporter -->
<testsuite hostname="Hp-PC" failures="0" tests="1" name="com.tcs.phptravels.scripts.SecondMainclass" time="17.731" errors="0" timestamp="2023-02-07T17:54:08 IST" skipped="0">
  <testcase classname="com.tcs.phptravels.scripts.SecondMainclass" name="f" time="17.731"/>
  <system-out>
<br>teststeppass::Sucessfully validated the login page</br> <br>teststeppass::Sucessfully validated the My Profile page</br> <br>teststeppass::Sucessfully validated the logout page</br>  </system-out>
</testsuite> <!-- com.tcs.phptravels.scripts.SecondMainclass -->
