<?xml version="1.0" encoding="UTF-8"?>
<!-- Generated by org.testng.reporters.JUnitReportReporter -->
<testsuite hostname="Hp-PC" failures="0" tests="1" name="com.tcs.phptravels.scripts.SecondMainclass_dp" time="35.076" errors="0" timestamp="2023-02-10T21:40:05 IST" skipped="0">
  <testcase classname="com.tcs.phptravels.scripts.SecondMainclass_dp" name="f" time="35.076"/>
  <system-out>
<br>teststeppass::Sucessfully validated the login page</br> <br>teststeppass::Sucessfully validated the Booking page</br> <br>teststeppass::Sucessfully validated view vouchercode functionality</br> <br>teststeppass::Sucessfully validated the AddFund page</br>  </system-out>
</testsuite> <!-- com.tcs.phptravels.scripts.SecondMainclass_dp -->
