<?xml version="1.0" encoding="UTF-8"?>
<!-- Generated by org.testng.reporters.JUnitReportReporter -->
<testsuite hostname="Hp-PC" failures="0" tests="1" name="com.tcs.phptravels.scripts.SecondMainclass" time="15.225" errors="0" timestamp="2023-01-25T12:52:55 IST" skipped="0">
  <testcase classname="com.tcs.phptravels.scripts.SecondMainclass" name="f" time="15.225"/>
  <system-out>
<br>teststeppass::Sucessfully validated the login page</br> <br>teststeppass::Sucessfully validated the Booking page</br> <br>teststeppass::Sucessfully validated view vouchercode functionality</br>  </system-out>
</testsuite> <!-- com.tcs.phptravels.scripts.SecondMainclass -->
