<?xml version="1.0" encoding="UTF-8"?>
<!-- Generated by org.testng.reporters.JUnitReportReporter -->
<testsuite hostname="Hp-PC" failures="0" tests="1" name="com.tcs.phptravels.scripts.SecondMainclass2" time="47.738" errors="0" timestamp="2023-02-07T16:29:41 IST" skipped="0">
  <testcase classname="com.tcs.phptravels.scripts.SecondMainclass2" name="f" time="47.738"/>
  <system-out>
<br>teststeppass::Sucessfully validated the login page</br> <br>teststeppass::Sucessfully validated the Booking page</br> <br>teststeppass::Sucessfully validated the AddFund page</br> <br>teststeppass::Sucessfully validated the My Profile page</br> <br>teststeppass::Sucessfully validated the Home page</br> <br>teststepfail::Failed Validating the Hotel page</br> <br>teststepfail::Failed Validating the Search Hotel page by city </br> <br>teststepfail::Failed Validating the Tours page</br> <br>teststepfail::Failed Validating the Flights page</br> <br>teststepfail::Failed Validating the Visa page</br> <br>teststepfail::Failed Validating the Blog page</br> <br>teststepfail::Failed Validating the Offers page</br> <br>teststepfail::Failed Validating the logout page</br>  </system-out>
</testsuite> <!-- com.tcs.phptravels.scripts.SecondMainclass2 -->
