<?xml version="1.0" encoding="UTF-8"?>
<!-- Generated by org.testng.reporters.JUnitReportReporter -->
<testsuite hostname="Hp-PC" failures="0" tests="1" name="com.tcs.phptravels.scripts.SecondMainclass2_dp" time="281.798" errors="0" timestamp="2023-02-11T11:39:29 IST" skipped="0">
  <testcase classname="com.tcs.phptravels.scripts.SecondMainclass2_dp" name="f" time="281.798"/>
  <system-out>
<br>teststeppass::Sucessfully validated the login page</br> <br>teststeppass::Sucessfully validated the Booking page</br> <br>teststepfail::Failed validating the AddFund page</br> <br>teststepfail::Failed validating the My Profile page</br> <br>teststepfail::Failed Validating the logout page</br>  </system-out>
</testsuite> <!-- com.tcs.phptravels.scripts.SecondMainclass2_dp -->
