<?xml version="1.0" encoding="UTF-8"?>
<!-- Generated by org.testng.reporters.JUnitReportReporter -->
<testsuite hostname="Hp-PC" failures="0" tests="1" name="com.tcs.phptravels.scripts.SecondMainclass4" time="63.071" errors="0" timestamp="2023-02-08T04:18:27 IST" skipped="0">
  <testcase classname="com.tcs.phptravels.scripts.SecondMainclass4" name="f" time="63.071"/>
  <system-out>
<br>teststeppass::Sucessfully validated the login page</br> <br>teststepfail::Failed validating the Booking page</br> <b>teststeppass::Sucessfully validated the Booking page</br> <br>teststeppass::Text validated successfully</br> <br>teststeppass::Text validated successfully</br> <br>teststeppass::Sucessfully validated the Tours page</br>  </system-out>
</testsuite> <!-- com.tcs.phptravels.scripts.SecondMainclass4 -->
