<?xml version="1.0" encoding="UTF-8"?>
<!-- Generated by org.testng.reporters.JUnitReportReporter -->
<testsuite hostname="Hp-PC" failures="0" tests="1" name="com.tcs.phptravels.scripts.SecondMainclass3" time="67.295" errors="0" timestamp="2023-02-08T04:13:42 IST" skipped="0">
  <testcase classname="com.tcs.phptravels.scripts.SecondMainclass3" name="f" time="67.295"/>
  <system-out>
<br>teststeppass::Sucessfully validated the login page</br> <b>teststeppass::Sucessfully validated the Booking button</br> <b>teststeppass::Sucessfully validated the paid Booking button</br> <b>teststeppass::Sucessfully validated the Booking page</br> <b>teststeppass::Sucessfully validated the delete customer Booking button</br> <b>teststeppass::Sucessfully validated the delete customer button</br> <b>teststeppass::Sucessfully validated the Booking page</br> <b>teststeppass::Sucessfully validated the Booking page</br> <b>teststeppass::Sucessfully validated the pending Booking page with count updated in dashboard</br> <br>teststeppass::Sucessfully validated the website page</br>  </system-out>
</testsuite> <!-- com.tcs.phptravels.scripts.SecondMainclass3 -->
